c:\users\vicen\desktop\proyectofinal\project1\x64\debug\vc142.pdb
c:\users\vicen\desktop\proyectofinal\project1\x64\debug\vc142.idb
c:\users\vicen\desktop\proyectofinal\project1\x64\debug\tractor.obj
c:\users\vicen\desktop\proyectofinal\project1\x64\debug\proyectofinal.obj
c:\users\vicen\desktop\proyectofinal\project1\x64\debug\nodo.obj
c:\users\vicen\desktop\proyectofinal\project1\x64\debug\modelo.obj
c:\users\vicen\desktop\proyectofinal\project1\x64\debug\igvtextura.obj
c:\users\vicen\desktop\proyectofinal\project1\x64\debug\igvpunto3d.obj
c:\users\vicen\desktop\proyectofinal\project1\x64\debug\igvmaterial.obj
c:\users\vicen\desktop\proyectofinal\project1\x64\debug\igvinterfaz.obj
c:\users\vicen\desktop\proyectofinal\project1\x64\debug\igvfuenteluz.obj
c:\users\vicen\desktop\proyectofinal\project1\x64\debug\igvescena3d.obj
c:\users\vicen\desktop\proyectofinal\project1\x64\debug\igvcolor.obj
c:\users\vicen\desktop\proyectofinal\project1\x64\debug\igvcamara.obj
c:\users\vicen\desktop\proyectofinal\project1\x64\debug\boton.obj
c:\users\vicen\desktop\proyectofinal\project1\x64\debug\project1.ilk
c:\users\vicen\desktop\proyectofinal\project1\x64\debug\project1.exe
c:\users\vicen\desktop\proyectofinal\project1\x64\debug\project1.pdb
c:\users\vicen\desktop\proyectofinal\project1\x64\debug\project1.tlog\cl.command.1.tlog
c:\users\vicen\desktop\proyectofinal\project1\x64\debug\project1.tlog\cl.read.1.tlog
c:\users\vicen\desktop\proyectofinal\project1\x64\debug\project1.tlog\cl.write.1.tlog
c:\users\vicen\desktop\proyectofinal\project1\x64\debug\project1.tlog\link.command.1.tlog
c:\users\vicen\desktop\proyectofinal\project1\x64\debug\project1.tlog\link.read.1.tlog
c:\users\vicen\desktop\proyectofinal\project1\x64\debug\project1.tlog\link.write.1.tlog
